TN:
SF:src/app.ts
FNF:0
FNH:0
DA:1,2
DA:2,2
DA:3,2
DA:4,2
DA:5,2
DA:6,2
DA:7,2
DA:8,2
DA:9,2
DA:10,2
DA:11,2
DA:12,2
DA:13,2
DA:14,2
DA:15,2
DA:16,2
DA:17,2
DA:18,2
DA:19,2
DA:20,2
DA:21,2
DA:22,2
DA:23,2
DA:24,2
DA:25,2
DA:26,2
DA:27,2
DA:28,2
DA:29,2
DA:30,2
DA:31,2
DA:32,2
DA:33,2
DA:34,2
DA:35,2
DA:36,2
DA:37,2
DA:38,2
DA:39,2
DA:40,2
DA:41,2
DA:42,2
DA:43,2
DA:44,2
DA:45,2
DA:46,2
DA:47,2
DA:48,2
DA:49,2
DA:50,2
DA:51,2
DA:52,2
DA:53,2
DA:54,2
DA:55,2
DA:56,2
DA:57,2
DA:58,2
LF:58
LH:58
BRDA:40,0,0,1
BRDA:49,1,0,1
BRF:2
BRH:2
end_of_record
TN:
SF:src/application/controller/CategoryController.ts
FN:9,CategoryController
FN:15,create
FN:25,list
FN:33,update
FNF:4
FNH:1
FNDA:2,CategoryController
FNDA:0,create
FNDA:0,list
FNDA:0,update
DA:1,2
DA:2,2
DA:3,2
DA:4,2
DA:5,2
DA:6,2
DA:7,2
DA:8,2
DA:9,2
DA:10,2
DA:11,2
DA:12,2
DA:13,2
DA:14,2
DA:15,2
DA:16,0
DA:17,0
DA:18,0
DA:19,0
DA:20,0
DA:21,0
DA:22,0
DA:23,0
DA:24,2
DA:25,2
DA:26,0
DA:27,0
DA:28,0
DA:29,0
DA:30,0
DA:31,0
DA:32,2
DA:33,2
DA:34,0
DA:35,0
DA:36,0
DA:37,0
DA:38,0
DA:39,0
DA:40,0
DA:41,0
DA:42,2
DA:43,2
DA:44,2
LF:44
LH:22
BRDA:9,0,0,2
BRF:1
BRH:1
end_of_record
TN:
SF:src/application/controller/TaskController.ts
FN:5,TaskController
FN:11,create
FN:21,complete
FN:5,TaskController
FN:11,create
FN:21,complete
FN:31,assignCategory
FNF:7
FNH:2
FNDA:2,TaskController
FNDA:0,create
FNDA:0,complete
FNDA:1,TaskController
FNDA:0,create
FNDA:0,complete
FNDA:0,assignCategory
DA:1,2
DA:2,2
DA:3,2
DA:4,2
DA:5,2
DA:6,2
DA:7,2
DA:8,2
DA:9,2
DA:10,2
DA:11,1
DA:12,0
DA:13,0
DA:14,0
DA:15,0
DA:16,0
DA:17,0
DA:18,1
DA:19,1
DA:20,2
DA:21,1
DA:22,0
DA:23,0
DA:24,0
DA:25,0
DA:26,0
DA:27,0
DA:28,1
DA:29,1
DA:30,2
DA:31,2
DA:32,1
DA:33,1
DA:34,1
DA:35,1
DA:36,1
DA:37,1
DA:38,2
LF:38
LH:26
BRDA:5,0,0,2
BRDA:5,1,0,1
BRF:2
BRH:2
end_of_record
TN:
SF:src/application/infra/database/knex/KnexConnection.ts
FN:6,KnexConnection
FN:19,getInstance
FNF:2
FNH:2
FNDA:2,KnexConnection
FNDA:2,getInstance
DA:1,2
DA:2,2
DA:3,2
DA:4,2
DA:5,2
DA:6,2
DA:7,2
DA:8,2
DA:9,2
DA:10,2
DA:11,2
DA:12,2
DA:13,2
DA:14,2
DA:15,2
DA:16,2
DA:17,2
DA:18,2
DA:19,2
DA:20,2
DA:21,2
DA:22,2
LF:22
LH:22
BRDA:6,0,0,2
BRDA:19,1,0,2
BRF:2
BRH:2
end_of_record
TN:
SF:src/application/repository/CategoryRepository.ts
FN:4,CategoryRepository
FN:6,create
FN:14,update
FN:25,list
FN:35,getOne
FNF:5
FNH:1
FNDA:2,CategoryRepository
FNDA:0,create
FNDA:0,update
FNDA:0,list
FNDA:0,getOne
DA:1,2
DA:2,2
DA:3,2
DA:4,2
DA:5,2
DA:6,2
DA:7,0
DA:8,0
DA:9,0
DA:10,0
DA:11,0
DA:12,0
DA:13,2
DA:14,2
DA:15,0
DA:16,0
DA:17,0
DA:18,0
DA:19,0
DA:20,0
DA:21,0
DA:22,0
DA:23,0
DA:24,2
DA:25,2
DA:26,0
DA:27,0
DA:28,0
DA:29,0
DA:30,0
DA:31,0
DA:32,0
DA:33,0
DA:34,2
DA:35,2
DA:36,0
DA:37,0
DA:38,0
DA:39,0
DA:40,0
DA:41,0
DA:42,0
DA:43,0
DA:44,0
DA:45,0
DA:46,0
DA:47,0
DA:48,2
LF:48
LH:13
BRDA:4,0,0,2
BRF:1
BRH:1
end_of_record
TN:
SF:src/application/repository/TaskRepository.ts
FN:4,TaskRepository
FN:6,create
FN:14,complete
FN:21,getOne
FN:34,update
FNF:5
FNH:1
FNDA:2,TaskRepository
FNDA:0,create
FNDA:0,complete
FNDA:0,getOne
FNDA:0,update
DA:1,2
DA:2,2
DA:3,2
DA:4,2
DA:5,2
DA:6,2
DA:7,0
DA:8,0
DA:9,0
DA:10,0
DA:11,0
DA:12,0
DA:13,2
DA:14,2
DA:15,0
DA:16,0
DA:17,0
DA:18,0
DA:19,0
DA:20,2
DA:21,2
DA:22,0
DA:23,0
DA:24,0
DA:25,0
DA:26,0
DA:27,0
DA:28,0
DA:29,0
DA:30,0
DA:31,0
DA:32,0
DA:33,2
DA:34,2
DA:35,1
DA:36,1
DA:37,1
DA:38,1
DA:39,1
DA:40,1
DA:41,1
DA:42,2
LF:42
LH:20
BRDA:4,0,0,2
BRF:1
BRH:1
end_of_record
TN:
SF:src/application/useCase/Category/CreateCategory.ts
FN:5,CreateCategory
FN:7,execute
FNF:2
FNH:1
FNDA:2,CreateCategory
FNDA:0,execute
DA:1,2
DA:2,2
DA:3,2
DA:4,2
DA:5,2
DA:6,2
DA:7,2
DA:8,0
DA:9,0
DA:10,0
DA:11,0
DA:12,0
DA:13,0
DA:14,2
LF:14
LH:8
BRDA:5,0,0,2
BRF:1
BRH:1
end_of_record
TN:
SF:src/application/useCase/Category/ListCategory.ts
FN:5,ListCategory
FN:7,execute
FNF:2
FNH:1
FNDA:2,ListCategory
FNDA:0,execute
DA:1,2
DA:2,2
DA:3,2
DA:4,2
DA:5,2
DA:6,2
DA:7,2
DA:8,0
DA:9,0
DA:10,0
DA:11,0
DA:12,2
LF:12
LH:8
BRDA:5,0,0,2
BRF:1
BRH:1
end_of_record
TN:
SF:src/application/useCase/Category/UpdateCategory.ts
FN:5,UpdateCategory
FN:7,execute
FNF:2
FNH:1
FNDA:2,UpdateCategory
FNDA:0,execute
DA:1,2
DA:2,2
DA:3,2
DA:4,2
DA:5,2
DA:6,2
DA:7,2
DA:8,0
DA:9,0
DA:10,0
DA:11,0
DA:12,2
LF:12
LH:8
BRDA:5,0,0,2
BRF:1
BRH:1
end_of_record
TN:
SF:src/application/useCase/Category/index.ts
FNF:0
FNH:0
DA:1,2
DA:2,2
DA:3,2
LF:3
LH:3
BRF:0
BRH:0
end_of_record
TN:
SF:src/application/useCase/Task/AssignCategoryTask.ts
FN:4,AssignCategoryTask
FN:6,execute
FNF:2
FNH:1
FNDA:1,AssignCategoryTask
FNDA:0,execute
DA:1,1
DA:2,1
DA:3,1
DA:4,1
DA:5,1
DA:6,1
DA:7,0
DA:8,0
DA:9,0
DA:10,0
DA:11,0
DA:12,0
DA:13,0
DA:14,1
LF:14
LH:7
BRDA:4,0,0,1
BRF:1
BRH:1
end_of_record
TN:
SF:src/application/useCase/Task/CompleteTask.ts
FN:4,CompleteTask
FN:6,execute
FNF:2
FNH:1
FNDA:2,CompleteTask
FNDA:0,execute
DA:1,2
DA:2,2
DA:3,2
DA:4,2
DA:5,2
DA:6,2
DA:7,0
DA:8,0
DA:9,0
DA:10,0
DA:11,0
DA:12,2
LF:12
LH:7
BRDA:4,0,0,2
BRF:1
BRH:1
end_of_record
TN:
SF:src/application/useCase/Task/CreateTask.ts
FN:5,CreateTask
FN:7,execute
FNF:2
FNH:2
FNDA:3,CreateTask
FNDA:1,execute
DA:1,2
DA:2,2
DA:3,2
DA:4,2
DA:5,2
DA:6,2
DA:7,2
DA:8,1
DA:9,1
DA:10,1
DA:11,1
DA:12,2
LF:12
LH:12
BRDA:5,0,0,3
BRDA:7,1,0,1
BRF:2
BRH:2
end_of_record
TN:
SF:src/application/useCase/Task/index.ts
FNF:0
FNH:0
DA:1,2
DA:2,2
DA:3,2
LF:3
LH:3
BRF:0
BRH:0
end_of_record
TN:
SF:src/domain/entity/Category.ts
FN:7,Category
FN:8,create
FN:14,update
FN:7,Category
FN:11,create
FN:17,update
FNF:6
FNH:4
FNDA:2,Category
FNDA:0,create
FNDA:0,update
FNDA:2,Category
FNDA:2,create
FNDA:1,update
DA:1,2
DA:2,2
DA:3,2
DA:4,2
DA:5,2
DA:6,2
DA:7,2
DA:8,3
DA:9,2
DA:10,1
DA:11,1
DA:12,3
DA:13,3
DA:14,3
DA:15,2
DA:16,1
DA:17,2
DA:18,2
DA:19,2
DA:20,2
DA:21,2
LF:21
LH:21
BRDA:7,0,0,2
BRDA:11,1,0,2
BRDA:17,2,0,1
BRF:3
BRH:3
end_of_record
TN:
SF:src/domain/entity/Task.ts
FN:8,Task
FN:15,create
FN:21,complete
FN:8,Task
FN:15,create
FN:21,complete
FN:26,assignCategory
FNF:7
FNH:6
FNDA:2,Task
FNDA:2,create
FNDA:1,complete
FNDA:3,Task
FNDA:3,create
FNDA:1,complete
FNDA:0,assignCategory
DA:1,2
DA:2,2
DA:3,2
DA:4,2
DA:5,2
DA:6,2
DA:7,2
DA:8,3
DA:9,5
DA:10,5
DA:11,5
DA:12,4
DA:13,4
DA:14,2
DA:15,3
DA:16,5
DA:17,5
DA:18,4
DA:19,4
DA:20,2
DA:21,2
DA:22,2
DA:23,2
DA:24,2
DA:25,2
DA:26,2
DA:27,1
DA:28,1
DA:29,1
DA:30,2
LF:30
LH:30
BRDA:8,0,0,2
BRDA:15,1,0,2
BRDA:21,2,0,1
BRDA:8,3,0,3
BRDA:15,4,0,3
BRDA:21,5,0,1
BRF:6
BRH:6
end_of_record
TN:
SF:src/domain/entity/id-generator.ts
FN:4,generate
FNF:1
FNH:1
FNDA:7,generate
DA:1,2
DA:2,2
DA:3,2
DA:4,2
DA:5,7
DA:6,7
DA:7,2
LF:7
LH:7
BRDA:4,0,0,7
BRF:1
BRH:1
end_of_record
