TN:
SF:src/app.ts
FNF:0
FNH:0
DA:1,1
DA:2,1
DA:3,1
DA:4,1
DA:5,1
DA:6,1
DA:7,1
DA:8,1
DA:9,1
DA:10,1
DA:11,1
DA:12,1
DA:13,1
DA:14,1
DA:15,1
DA:16,1
DA:17,1
DA:18,1
DA:19,1
DA:20,1
DA:21,1
DA:22,1
DA:23,1
DA:24,1
DA:25,1
DA:26,1
DA:27,1
DA:28,1
LF:28
LH:28
BRDA:24,0,0,1
BRF:1
BRH:1
end_of_record
TN:
SF:src/server.ts
FN:3,initServer
FNF:1
FNH:1
FNDA:1,initServer
DA:1,1
DA:2,1
DA:3,1
DA:4,1
DA:5,1
DA:6,0
DA:7,1
DA:8,1
DA:9,0
DA:10,0
DA:11,1
DA:12,1
DA:13,1
LF:13
LH:10
BRDA:12,0,0,0
BRDA:3,1,0,1
BRDA:8,2,0,0
BRF:3
BRH:1
end_of_record
TN:
SF:src/application/controller/TaskController.ts
FN:5,TaskController
FN:10,create
FN:20,complete
FNF:3
FNH:1
FNDA:2,TaskController
FNDA:0,create
FNDA:0,complete
DA:1,1
DA:2,1
DA:3,1
DA:4,1
DA:5,1
DA:6,2
DA:7,2
DA:8,2
DA:9,1
DA:10,1
DA:11,0
DA:12,0
DA:13,0
DA:14,0
DA:15,0
DA:16,0
DA:17,0
DA:18,0
DA:19,1
DA:20,1
DA:21,0
DA:22,0
DA:23,0
DA:24,0
DA:25,0
DA:26,0
DA:27,0
DA:28,0
DA:29,1
LF:29
LH:13
BRDA:5,0,0,2
BRF:1
BRH:1
end_of_record
TN:
SF:src/application/infra/database/knex/KnexConnection.ts
FN:6,KnexConnection
FN:19,getInstance
FNF:2
FNH:2
FNDA:2,KnexConnection
FNDA:2,getInstance
DA:1,1
DA:2,1
DA:3,1
DA:4,1
DA:5,1
DA:6,1
DA:7,2
DA:8,2
DA:9,2
DA:10,2
DA:11,2
DA:12,2
DA:13,2
DA:14,2
DA:15,2
DA:16,2
DA:17,2
DA:18,1
DA:19,1
DA:20,2
DA:21,2
DA:22,1
LF:22
LH:22
BRDA:6,0,0,2
BRDA:19,1,0,2
BRF:2
BRH:2
end_of_record
TN:
SF:src/application/repository/TaskRepository.ts
FN:4,TaskRepository
FN:6,create
FN:14,complete
FN:21,getOne
FNF:4
FNH:1
FNDA:2,TaskRepository
FNDA:0,create
FNDA:0,complete
FNDA:0,getOne
DA:1,1
DA:2,1
DA:3,1
DA:4,1
DA:5,1
DA:6,1
DA:7,0
DA:8,0
DA:9,0
DA:10,0
DA:11,0
DA:12,0
DA:13,1
DA:14,1
DA:15,0
DA:16,0
DA:17,0
DA:18,0
DA:19,0
DA:20,1
DA:21,1
DA:22,0
DA:23,0
DA:24,0
DA:25,0
DA:26,0
DA:27,0
DA:28,0
DA:29,0
DA:30,0
DA:31,0
DA:32,0
DA:33,1
LF:33
LH:11
BRDA:4,0,0,2
BRF:1
BRH:1
end_of_record
TN:
SF:src/application/useCase/Task/CompleteTask.ts
FN:4,CompleteTask
FN:6,execute
FNF:2
FNH:1
FNDA:2,CompleteTask
FNDA:0,execute
DA:1,1
DA:2,1
DA:3,1
DA:4,1
DA:5,1
DA:6,1
DA:7,0
DA:8,0
DA:9,0
DA:10,0
DA:11,0
DA:12,1
LF:12
LH:7
BRDA:4,0,0,2
BRF:1
BRH:1
end_of_record
TN:
SF:src/application/useCase/Task/CreateTask.ts
FN:5,CreateTask
FN:7,execute
FNF:2
FNH:1
FNDA:2,CreateTask
FNDA:0,execute
DA:1,1
DA:2,1
DA:3,1
DA:4,1
DA:5,1
DA:6,1
DA:7,1
DA:8,0
DA:9,0
DA:10,0
DA:11,0
DA:12,1
LF:12
LH:8
BRDA:5,0,0,2
BRF:1
BRH:1
end_of_record
TN:
SF:src/application/useCase/Task/index.ts
FNF:0
FNH:0
DA:1,1
DA:2,1
LF:2
LH:2
BRF:0
BRH:0
end_of_record
TN:
SF:src/domain/entity/Task.ts
FN:7,Task
FN:14,create
FN:20,complete
FNF:3
FNH:3
FNDA:2,Task
FNDA:2,create
FNDA:1,complete
DA:1,1
DA:2,1
DA:3,1
DA:4,1
DA:5,1
DA:6,1
DA:7,1
DA:8,2
DA:9,2
DA:10,2
DA:11,2
DA:12,2
DA:13,1
DA:14,1
DA:15,2
DA:16,2
DA:17,2
DA:18,2
DA:19,1
DA:20,1
DA:21,1
DA:22,1
DA:23,1
DA:24,1
LF:24
LH:24
BRDA:7,0,0,2
BRDA:14,1,0,2
BRDA:20,2,0,1
BRF:3
BRH:3
end_of_record
